<?xml version="1.0" encoding="utf-8"?><testsuites name="pytest tests"><testsuite name="pytest" errors="0" failures="0" skipped="0" tests="13" time="2.671" timestamp="2026-07-06T15:49:14.433626+00:00" hostname="agent-env-836cf616-0f42-4d70-b4a8-47b52193a980"><testcase classname="tests.test_webhook_regression.TestWebhookDispatch" name="test_payment_captured_marks_paid" time="0.165" /><testcase classname="tests.test_webhook_regression.TestWebhookSignature" name="test_wrong_signature_rejected" time="0.147" /><testcase classname="tests.test_webhook_regression.TestWebhookSignature" name="test_missing_signature_rejected" time="0.087" /><testcase classname="tests.test_webhook_regression.TestWebhookDispatch" name="test_payment_authorized_marks_paid" time="0.119" /><testcase classname="tests.test_webhook_regression.TestWebhookSignature" name="test_correct_signature_accepted" time="0.099" /><testcase classname="tests.test_webhook_regression.TestWebhookDispatch" name="test_order_paid_marks_paid" time="0.105" /><testcase classname="tests.test_webhook_regression.TestPaymentsVerify" name="test_verify_wrong_signature_returns_400" time="0.734" /><testcase classname="tests.test_webhook_regression.TestWebhookDispatch" name="test_payment_failed_marks_failed" time="0.589" /><testcase classname="tests.test_webhook_regression.TestWebhookDispatch" name="test_unknown_event_recorded_but_no_error" time="0.086" /><testcase classname="tests.test_webhook_regression.TestWebhookIdempotency" name="test_replay_same_event_does_not_double_process" time="0.360" /><testcase classname="tests.test_webhook_regression.TestPaymentsVerify" name="test_verify_correct_signature_returns_ok" time="0.331" /><testcase classname="tests.test_webhook_regression.TestCreateOrder" name="test_create_order_returns_live_order" time="0.322" /><testcase classname="tests.test_webhook_regression.TestCreateOrder" name="test_create_order_rejects_invalid_amount" time="0.071" /></testsuite></testsuites>